[14-Oct-2018 12:13:27 Europe/Kiev] Caught an error: 
[14-Oct-2018 12:13:29 Europe/Kiev] Caught an error: 
[14-Oct-2018 12:13:30 Europe/Kiev] Caught an error: 
[14-Oct-2018 12:13:37 Europe/Kiev] Caught an error: 
[14-Oct-2018 12:14:00 Europe/Kiev] Caught an error: 
[14-Oct-2018 12:14:00 Europe/Kiev] Caught an error: 
[14-Oct-2018 12:14:00 Europe/Kiev] Caught an error: 
[14-Oct-2018 12:14:00 Europe/Kiev] Caught an error: 
[14-Oct-2018 12:14:01 Europe/Kiev] Caught an error: 
[14-Oct-2018 12:14:01 Europe/Kiev] Caught an error: 
[14-Oct-2018 12:14:16 Europe/Kiev] Caught an error: 
[14-Oct-2018 12:14:16 Europe/Kiev] Caught an error: 
[14-Oct-2018 12:14:16 Europe/Kiev] Caught an error: 
[14-Oct-2018 12:14:18 Europe/Kiev] Caught an error: 
[14-Oct-2018 12:14:18 Europe/Kiev] Caught an error: 
[14-Oct-2018 12:14:18 Europe/Kiev] Caught an error: 
[14-Oct-2018 12:14:18 Europe/Kiev] Caught an error: 
[14-Oct-2018 12:14:19 Europe/Kiev] Caught an error: 
[14-Oct-2018 12:14:19 Europe/Kiev] Caught an error: 
[14-Oct-2018 12:14:19 Europe/Kiev] Caught an error: 
[14-Oct-2018 12:14:22 Europe/Kiev] Caught an error: 
[14-Oct-2018 12:14:22 Europe/Kiev] Caught an error: 
[14-Oct-2018 12:14:23 Europe/Kiev] Caught an error: 
[14-Oct-2018 12:14:31 Europe/Kiev] Caught an error: 
[14-Oct-2018 12:15:02 Europe/Kiev] Caught an error: 
[14-Oct-2018 12:15:10 Europe/Kiev] Caught an error: 
[14-Oct-2018 12:15:51 Europe/Kiev] Caught an error: 
[14-Oct-2018 12:16:04 Europe/Kiev] Caught an error: 
[14-Oct-2018 12:16:05 Europe/Kiev] Caught an error: 
[14-Oct-2018 12:16:05 Europe/Kiev] Caught an error: 
[14-Oct-2018 12:16:07 Europe/Kiev] Caught an error: 
[14-Oct-2018 12:16:15 Europe/Kiev] Caught an error: 
[14-Oct-2018 12:16:15 Europe/Kiev] Caught an error: 
[14-Oct-2018 12:16:15 Europe/Kiev] Caught an error: 
[14-Oct-2018 12:16:15 Europe/Kiev] Caught an error: 
[14-Oct-2018 12:16:15 Europe/Kiev] Caught an error: 
[14-Oct-2018 12:16:18 Europe/Kiev] Caught an error: 
[14-Oct-2018 12:16:18 Europe/Kiev] Caught an error: 
[14-Oct-2018 12:16:19 Europe/Kiev] Caught an error: 
[14-Oct-2018 12:16:26 Europe/Kiev] Caught an error: 
[14-Oct-2018 12:17:19 Europe/Kiev] Caught an error: Array
(
    [type] => 8
    [message] => Undefined variable: user_password
    [file] => /Users/alsk/Sites/phone.com-extractor/actions/views/settings.php
    [line] => 47
)

[14-Oct-2018 12:17:27 Europe/Kiev] Caught an error: 
[14-Oct-2018 12:17:27 Europe/Kiev] Caught an error: Array
(
    [type] => 8
    [message] => Undefined variable: user_password
    [file] => /Users/alsk/Sites/phone.com-extractor/actions/views/settings.php
    [line] => 47
)

[14-Oct-2018 12:17:34 Europe/Kiev] Caught an error: 
[14-Oct-2018 12:17:34 Europe/Kiev] Caught an error: 
[14-Oct-2018 12:17:34 Europe/Kiev] Caught an error: 
[14-Oct-2018 12:17:34 Europe/Kiev] Caught an error: 
[14-Oct-2018 12:17:35 Europe/Kiev] Caught an error: 
[14-Oct-2018 12:17:37 Europe/Kiev] Caught an error: 
[14-Oct-2018 12:17:40 Europe/Kiev] Caught an error: 
[14-Oct-2018 12:18:28 Europe/Kiev] Caught an error: 
[14-Oct-2018 12:18:36 Europe/Kiev] Caught an error: 
[14-Oct-2018 12:18:47 Europe/Kiev] Caught an error: 
